ARM GAS  C:\Users\SZABMT~1\AppData\Local\Temp\ccliT7EH.s 			page 1


   1              		.syntax unified
   2              		.cpu cortex-m3
   3              		.fpu softvfp
   4              		.eabi_attribute 20, 1
   5              		.eabi_attribute 21, 1
   6              		.eabi_attribute 23, 3
   7              		.eabi_attribute 24, 1
   8              		.eabi_attribute 25, 1
   9              		.eabi_attribute 26, 1
  10              		.eabi_attribute 30, 1
  11              		.eabi_attribute 34, 1
  12              		.eabi_attribute 18, 4
  13              		.thumb
  14              		.syntax unified
  15              		.file	"cymetadata.c"
  16              		.text
  17              	.Ltext0:
  18              		.cfi_sections	.debug_frame
  19              		.global	cy_metadata
  20              		.global	cy_meta_flashprotect
  21              		.global	cy_meta_wonvl
  22              		.global	cy_meta_custnvl
  23              		.global	cy_meta_configecc
  24              		.section	.cyconfigecc,"a",%progbits
  25              		.align	2
  26              		.type	cy_meta_configecc, %object
  27              		.size	cy_meta_configecc, 1412
  28              	cy_meta_configecc:
  29 0000 02       		.byte	2
  30 0001 4F       		.byte	79
  31 0002 00       		.byte	0
  32 0003 40       		.byte	64
  33 0004 04       		.byte	4
  34 0005 52       		.byte	82
  35 0006 00       		.byte	0
  36 0007 40       		.byte	64
  37 0008 01       		.byte	1
  38 0009 5B       		.byte	91
  39 000a 00       		.byte	0
  40 000b 40       		.byte	64
  41 000c 01       		.byte	1
  42 000d 64       		.byte	100
  43 000e 00       		.byte	0
  44 000f 40       		.byte	64
  45 0010 1E       		.byte	30
  46 0011 00       		.byte	0
  47 0012 01       		.byte	1
  48 0013 40       		.byte	64
  49 0014 2C       		.byte	44
  50 0015 01       		.byte	1
  51 0016 01       		.byte	1
  52 0017 40       		.byte	64
  53 0018 2A       		.byte	42
  54 0019 02       		.byte	2
  55 001a 01       		.byte	1
  56 001b 40       		.byte	64
  57 001c 36       		.byte	54
ARM GAS  C:\Users\SZABMT~1\AppData\Local\Temp\ccliT7EH.s 			page 2


  58 001d 03       		.byte	3
  59 001e 01       		.byte	1
  60 001f 40       		.byte	64
  61 0020 22       		.byte	34
  62 0021 04       		.byte	4
  63 0022 01       		.byte	1
  64 0023 40       		.byte	64
  65 0024 44       		.byte	68
  66 0025 05       		.byte	5
  67 0026 01       		.byte	1
  68 0027 40       		.byte	64
  69 0028 19       		.byte	25
  70 0029 06       		.byte	6
  71 002a 01       		.byte	1
  72 002b 40       		.byte	64
  73 002c 35       		.byte	53
  74 002d 07       		.byte	7
  75 002e 01       		.byte	1
  76 002f 40       		.byte	64
  77 0030 02       		.byte	2
  78 0031 0B       		.byte	11
  79 0032 01       		.byte	1
  80 0033 40       		.byte	64
  81 0034 01       		.byte	1
  82 0035 0D       		.byte	13
  83 0036 01       		.byte	1
  84 0037 40       		.byte	64
  85 0038 01       		.byte	1
  86 0039 0F       		.byte	15
  87 003a 01       		.byte	1
  88 003b 40       		.byte	64
  89 003c 18       		.byte	24
  90 003d 14       		.byte	20
  91 003e 01       		.byte	1
  92 003f 40       		.byte	64
  93 0040 2F       		.byte	47
  94 0041 15       		.byte	21
  95 0042 01       		.byte	1
  96 0043 40       		.byte	64
  97 0044 10       		.byte	16
  98 0045 16       		.byte	22
  99 0046 01       		.byte	1
 100 0047 40       		.byte	64
 101 0048 2E       		.byte	46
 102 0049 17       		.byte	23
 103 004a 01       		.byte	1
 104 004b 40       		.byte	64
 105 004c 01       		.byte	1
 106 004d 19       		.byte	25
 107 004e 01       		.byte	1
 108 004f 40       		.byte	64
 109 0050 04       		.byte	4
 110 0051 1A       		.byte	26
 111 0052 01       		.byte	1
 112 0053 40       		.byte	64
 113 0054 05       		.byte	5
 114 0055 1B       		.byte	27
ARM GAS  C:\Users\SZABMT~1\AppData\Local\Temp\ccliT7EH.s 			page 3


 115 0056 01       		.byte	1
 116 0057 40       		.byte	64
 117 0058 14       		.byte	20
 118 0059 40       		.byte	64
 119 005a 01       		.byte	1
 120 005b 40       		.byte	64
 121 005c 0A       		.byte	10
 122 005d 41       		.byte	65
 123 005e 01       		.byte	1
 124 005f 40       		.byte	64
 125 0060 07       		.byte	7
 126 0061 42       		.byte	66
 127 0062 01       		.byte	1
 128 0063 40       		.byte	64
 129 0064 06       		.byte	6
 130 0065 43       		.byte	67
 131 0066 01       		.byte	1
 132 0067 40       		.byte	64
 133 0068 02       		.byte	2
 134 0069 44       		.byte	68
 135 006a 01       		.byte	1
 136 006b 40       		.byte	64
 137 006c 03       		.byte	3
 138 006d 45       		.byte	69
 139 006e 01       		.byte	1
 140 006f 40       		.byte	64
 141 0070 07       		.byte	7
 142 0071 46       		.byte	70
 143 0072 01       		.byte	1
 144 0073 40       		.byte	64
 145 0074 04       		.byte	4
 146 0075 47       		.byte	71
 147 0076 01       		.byte	1
 148 0077 40       		.byte	64
 149 0078 07       		.byte	7
 150 0079 48       		.byte	72
 151 007a 01       		.byte	1
 152 007b 40       		.byte	64
 153 007c 06       		.byte	6
 154 007d 49       		.byte	73
 155 007e 01       		.byte	1
 156 007f 40       		.byte	64
 157 0080 07       		.byte	7
 158 0081 4C       		.byte	76
 159 0082 01       		.byte	1
 160 0083 40       		.byte	64
 161 0084 0A       		.byte	10
 162 0085 4D       		.byte	77
 163 0086 01       		.byte	1
 164 0087 40       		.byte	64
 165 0088 07       		.byte	7
 166 0089 50       		.byte	80
 167 008a 01       		.byte	1
 168 008b 40       		.byte	64
 169 008c 02       		.byte	2
 170 008d 51       		.byte	81
 171 008e 01       		.byte	1
ARM GAS  C:\Users\SZABMT~1\AppData\Local\Temp\ccliT7EH.s 			page 4


 172 008f 40       		.byte	64
 173 0090 0A       		.byte	10
 174 0091 36       		.byte	54
 175 0092 16       		.byte	22
 176 0093 36       		.byte	54
 177 0094 20       		.byte	32
 178 0095 52       		.byte	82
 179 0096 21       		.byte	33
 180 0097 14       		.byte	20
 181 0098 28       		.byte	40
 182 0099 04       		.byte	4
 183 009a 29       		.byte	41
 184 009b 01       		.byte	1
 185 009c 27       		.byte	39
 186 009d 84       		.byte	-124
 187 009e 85       		.byte	-123
 188 009f 05       		.byte	5
 189 00a0 58       		.byte	88
 190 00a1 04       		.byte	4
 191 00a2 59       		.byte	89
 192 00a3 04       		.byte	4
 193 00a4 5C       		.byte	92
 194 00a5 11       		.byte	17
 195 00a6 5F       		.byte	95
 196 00a7 01       		.byte	1
 197 00a8 83       		.byte	-125
 198 00a9 03       		.byte	3
 199 00aa 86       		.byte	-122
 200 00ab 01       		.byte	1
 201 00ac 89       		.byte	-119
 202 00ad 02       		.byte	2
 203 00ae 8B       		.byte	-117
 204 00af 01       		.byte	1
 205 00b0 90       		.byte	-112
 206 00b1 01       		.byte	1
 207 00b2 91       		.byte	-111
 208 00b3 03       		.byte	3
 209 00b4 95       		.byte	-107
 210 00b5 03       		.byte	3
 211 00b6 96       		.byte	-106
 212 00b7 01       		.byte	1
 213 00b8 98       		.byte	-104
 214 00b9 01       		.byte	1
 215 00ba 9C       		.byte	-100
 216 00bb 01       		.byte	1
 217 00bc A5       		.byte	-91
 218 00bd 03       		.byte	3
 219 00be A8       		.byte	-88
 220 00bf 01       		.byte	1
 221 00c0 A9       		.byte	-87
 222 00c1 01       		.byte	1
 223 00c2 AB       		.byte	-85
 224 00c3 02       		.byte	2
 225 00c4 AD       		.byte	-83
 226 00c5 03       		.byte	3
 227 00c6 AE       		.byte	-82
 228 00c7 01       		.byte	1
ARM GAS  C:\Users\SZABMT~1\AppData\Local\Temp\ccliT7EH.s 			page 5


 229 00c8 B2       		.byte	-78
 230 00c9 01       		.byte	1
 231 00ca B5       		.byte	-75
 232 00cb 01       		.byte	1
 233 00cc B7       		.byte	-73
 234 00cd 02       		.byte	2
 235 00ce D4       		.byte	-44
 236 00cf 01       		.byte	1
 237 00d0 D8       		.byte	-40
 238 00d1 04       		.byte	4
 239 00d2 D9       		.byte	-39
 240 00d3 04       		.byte	4
 241 00d4 DB       		.byte	-37
 242 00d5 0C       		.byte	12
 243 00d6 DC       		.byte	-36
 244 00d7 11       		.byte	17
 245 00d8 DD       		.byte	-35
 246 00d9 10       		.byte	16
 247 00da DF       		.byte	-33
 248 00db 01       		.byte	1
 249 00dc 00       		.byte	0
 250 00dd 04       		.byte	4
 251 00de 04       		.byte	4
 252 00df 04       		.byte	4
 253 00e0 05       		.byte	5
 254 00e1 04       		.byte	4
 255 00e2 08       		.byte	8
 256 00e3 41       		.byte	65
 257 00e4 09       		.byte	9
 258 00e5 08       		.byte	8
 259 00e6 0C       		.byte	12
 260 00e7 42       		.byte	66
 261 00e8 0D       		.byte	13
 262 00e9 08       		.byte	8
 263 00ea 0E       		.byte	14
 264 00eb 16       		.byte	22
 265 00ec 0F       		.byte	15
 266 00ed 04       		.byte	4
 267 00ee 10       		.byte	16
 268 00ef 10       		.byte	16
 269 00f0 12       		.byte	18
 270 00f1 01       		.byte	1
 271 00f2 13       		.byte	19
 272 00f3 14       		.byte	20
 273 00f4 15       		.byte	21
 274 00f5 20       		.byte	32
 275 00f6 16       		.byte	22
 276 00f7 01       		.byte	1
 277 00f8 1F       		.byte	31
 278 00f9 04       		.byte	4
 279 00fa 25       		.byte	37
 280 00fb 10       		.byte	16
 281 00fc 26       		.byte	38
 282 00fd 80       		.byte	-128
 283 00fe 28       		.byte	40
 284 00ff 58       		.byte	88
 285 0100 2C       		.byte	44
ARM GAS  C:\Users\SZABMT~1\AppData\Local\Temp\ccliT7EH.s 			page 6


 286 0101 02       		.byte	2
 287 0102 2E       		.byte	46
 288 0103 14       		.byte	20
 289 0104 30       		.byte	48
 290 0105 03       		.byte	3
 291 0106 31       		.byte	49
 292 0107 09       		.byte	9
 293 0108 34       		.byte	52
 294 0109 08       		.byte	8
 295 010a 35       		.byte	53
 296 010b 04       		.byte	4
 297 010c 36       		.byte	54
 298 010d 01       		.byte	1
 299 010e 39       		.byte	57
 300 010f 20       		.byte	32
 301 0110 3A       		.byte	58
 302 0111 01       		.byte	1
 303 0112 3B       		.byte	59
 304 0113 11       		.byte	17
 305 0114 3F       		.byte	63
 306 0115 11       		.byte	17
 307 0116 5C       		.byte	92
 308 0117 80       		.byte	-128
 309 0118 5F       		.byte	95
 310 0119 40       		.byte	64
 311 011a 7F       		.byte	127
 312 011b 02       		.byte	2
 313 011c 86       		.byte	-122
 314 011d 80       		.byte	-128
 315 011e 8B       		.byte	-117
 316 011f 04       		.byte	4
 317 0120 8D       		.byte	-115
 318 0121 10       		.byte	16
 319 0122 C0       		.byte	-64
 320 0123 24       		.byte	36
 321 0124 C2       		.byte	-62
 322 0125 FD       		.byte	-3
 323 0126 C4       		.byte	-60
 324 0127 C7       		.byte	-57
 325 0128 CA       		.byte	-54
 326 0129 77       		.byte	119
 327 012a CC       		.byte	-52
 328 012b C3       		.byte	-61
 329 012c CE       		.byte	-50
 330 012d A5       		.byte	-91
 331 012e D6       		.byte	-42
 332 012f 10       		.byte	16
 333 0130 DE       		.byte	-34
 334 0131 10       		.byte	16
 335 0132 E6       		.byte	-26
 336 0133 10       		.byte	16
 337 0134 01       		.byte	1
 338 0135 20       		.byte	32
 339 0136 07       		.byte	7
 340 0137 08       		.byte	8
 341 0138 09       		.byte	9
 342 0139 0F       		.byte	15
ARM GAS  C:\Users\SZABMT~1\AppData\Local\Temp\ccliT7EH.s 			page 7


 343 013a 11       		.byte	17
 344 013b 04       		.byte	4
 345 013c 15       		.byte	21
 346 013d 0A       		.byte	10
 347 013e 17       		.byte	23
 348 013f 05       		.byte	5
 349 0140 19       		.byte	25
 350 0141 0D       		.byte	13
 351 0142 1B       		.byte	27
 352 0143 02       		.byte	2
 353 0144 20       		.byte	32
 354 0145 02       		.byte	2
 355 0146 24       		.byte	36
 356 0147 02       		.byte	2
 357 0148 29       		.byte	41
 358 0149 01       		.byte	1
 359 014a 2B       		.byte	43
 360 014b 04       		.byte	4
 361 014c 2E       		.byte	46
 362 014d 01       		.byte	1
 363 014e 2F       		.byte	47
 364 014f 30       		.byte	48
 365 0150 30       		.byte	48
 366 0151 01       		.byte	1
 367 0152 31       		.byte	49
 368 0153 10       		.byte	16
 369 0154 33       		.byte	51
 370 0155 0C       		.byte	12
 371 0156 34       		.byte	52
 372 0157 02       		.byte	2
 373 0158 35       		.byte	53
 374 0159 03       		.byte	3
 375 015a 37       		.byte	55
 376 015b 20       		.byte	32
 377 015c 38       		.byte	56
 378 015d 20       		.byte	32
 379 015e 3E       		.byte	62
 380 015f 10       		.byte	16
 381 0160 52       		.byte	82
 382 0161 07       		.byte	7
 383 0162 53       		.byte	83
 384 0163 06       		.byte	6
 385 0164 58       		.byte	88
 386 0165 04       		.byte	4
 387 0166 59       		.byte	89
 388 0167 0C       		.byte	12
 389 0168 5B       		.byte	91
 390 0169 04       		.byte	4
 391 016a 5C       		.byte	92
 392 016b 11       		.byte	17
 393 016c 5D       		.byte	93
 394 016d 10       		.byte	16
 395 016e 5F       		.byte	95
 396 016f 01       		.byte	1
 397 0170 8A       		.byte	-118
 398 0171 01       		.byte	1
 399 0172 92       		.byte	-110
ARM GAS  C:\Users\SZABMT~1\AppData\Local\Temp\ccliT7EH.s 			page 8


 400 0173 02       		.byte	2
 401 0174 AC       		.byte	-84
 402 0175 01       		.byte	1
 403 0176 B2       		.byte	-78
 404 0177 03       		.byte	3
 405 0178 B6       		.byte	-74
 406 0179 03       		.byte	3
 407 017a D6       		.byte	-42
 408 017b 08       		.byte	8
 409 017c D8       		.byte	-40
 410 017d 04       		.byte	4
 411 017e D9       		.byte	-39
 412 017f 04       		.byte	4
 413 0180 DB       		.byte	-37
 414 0181 04       		.byte	4
 415 0182 DC       		.byte	-36
 416 0183 19       		.byte	25
 417 0184 DD       		.byte	-35
 418 0185 90       		.byte	-112
 419 0186 DF       		.byte	-33
 420 0187 01       		.byte	1
 421 0188 00       		.byte	0
 422 0189 10       		.byte	16
 423 018a 05       		.byte	5
 424 018b 24       		.byte	36
 425 018c 06       		.byte	6
 426 018d 01       		.byte	1
 427 018e 08       		.byte	8
 428 018f 02       		.byte	2
 429 0190 0D       		.byte	13
 430 0191 18       		.byte	24
 431 0192 0E       		.byte	14
 432 0193 82       		.byte	-126
 433 0194 11       		.byte	17
 434 0195 80       		.byte	-128
 435 0196 13       		.byte	19
 436 0197 40       		.byte	64
 437 0198 16       		.byte	22
 438 0199 42       		.byte	66
 439 019a 17       		.byte	23
 440 019b 04       		.byte	4
 441 019c 18       		.byte	24
 442 019d 10       		.byte	16
 443 019e 19       		.byte	25
 444 019f 80       		.byte	-128
 445 01a0 1D       		.byte	29
 446 01a1 01       		.byte	1
 447 01a2 1E       		.byte	30
 448 01a3 80       		.byte	-128
 449 01a4 1F       		.byte	31
 450 01a5 10       		.byte	16
 451 01a6 25       		.byte	37
 452 01a7 41       		.byte	65
 453 01a8 27       		.byte	39
 454 01a9 18       		.byte	24
 455 01aa 28       		.byte	40
 456 01ab 40       		.byte	64
ARM GAS  C:\Users\SZABMT~1\AppData\Local\Temp\ccliT7EH.s 			page 9


 457 01ac 29       		.byte	41
 458 01ad 24       		.byte	36
 459 01ae 2D       		.byte	45
 460 01af 80       		.byte	-128
 461 01b0 2F       		.byte	47
 462 01b1 08       		.byte	8
 463 01b2 31       		.byte	49
 464 01b3 09       		.byte	9
 465 01b4 35       		.byte	53
 466 01b5 02       		.byte	2
 467 01b6 37       		.byte	55
 468 01b7 18       		.byte	24
 469 01b8 39       		.byte	57
 470 01b9 20       		.byte	32
 471 01ba 3A       		.byte	58
 472 01bb 01       		.byte	1
 473 01bc 3D       		.byte	61
 474 01bd 2A       		.byte	42
 475 01be 58       		.byte	88
 476 01bf 80       		.byte	-128
 477 01c0 60       		.byte	96
 478 01c1 02       		.byte	2
 479 01c2 65       		.byte	101
 480 01c3 20       		.byte	32
 481 01c4 67       		.byte	103
 482 01c5 04       		.byte	4
 483 01c6 6D       		.byte	109
 484 01c7 28       		.byte	40
 485 01c8 6E       		.byte	110
 486 01c9 20       		.byte	32
 487 01ca 6F       		.byte	111
 488 01cb 06       		.byte	6
 489 01cc 7F       		.byte	127
 490 01cd 02       		.byte	2
 491 01ce 82       		.byte	-126
 492 01cf 10       		.byte	16
 493 01d0 8F       		.byte	-113
 494 01d1 10       		.byte	16
 495 01d2 95       		.byte	-107
 496 01d3 20       		.byte	32
 497 01d4 97       		.byte	-105
 498 01d5 44       		.byte	68
 499 01d6 9D       		.byte	-99
 500 01d7 05       		.byte	5
 501 01d8 9E       		.byte	-98
 502 01d9 01       		.byte	1
 503 01da A5       		.byte	-91
 504 01db 08       		.byte	8
 505 01dc A6       		.byte	-90
 506 01dd 01       		.byte	1
 507 01de A7       		.byte	-89
 508 01df 02       		.byte	2
 509 01e0 A8       		.byte	-88
 510 01e1 80       		.byte	-128
 511 01e2 C0       		.byte	-64
 512 01e3 E2       		.byte	-30
 513 01e4 C2       		.byte	-62
ARM GAS  C:\Users\SZABMT~1\AppData\Local\Temp\ccliT7EH.s 			page 10


 514 01e5 F8       		.byte	-8
 515 01e6 C4       		.byte	-60
 516 01e7 B1       		.byte	-79
 517 01e8 CA       		.byte	-54
 518 01e9 37       		.byte	55
 519 01ea CC       		.byte	-52
 520 01eb E3       		.byte	-29
 521 01ec CE       		.byte	-50
 522 01ed E5       		.byte	-27
 523 01ee D6       		.byte	-42
 524 01ef 08       		.byte	8
 525 01f0 D8       		.byte	-40
 526 01f1 08       		.byte	8
 527 01f2 DE       		.byte	-34
 528 01f3 10       		.byte	16
 529 01f4 58       		.byte	88
 530 01f5 04       		.byte	4
 531 01f6 59       		.byte	89
 532 01f7 04       		.byte	4
 533 01f8 5C       		.byte	92
 534 01f9 11       		.byte	17
 535 01fa 5F       		.byte	95
 536 01fb 01       		.byte	1
 537 01fc 80       		.byte	-128
 538 01fd 04       		.byte	4
 539 01fe 86       		.byte	-122
 540 01ff 08       		.byte	8
 541 0200 88       		.byte	-120
 542 0201 01       		.byte	1
 543 0202 8C       		.byte	-116
 544 0203 02       		.byte	2
 545 0204 92       		.byte	-110
 546 0205 02       		.byte	2
 547 0206 93       		.byte	-109
 548 0207 01       		.byte	1
 549 0208 94       		.byte	-108
 550 0209 40       		.byte	64
 551 020a 96       		.byte	-106
 552 020b 80       		.byte	-128
 553 020c 98       		.byte	-104
 554 020d 10       		.byte	16
 555 020e 9A       		.byte	-102
 556 020f 20       		.byte	32
 557 0210 9E       		.byte	-98
 558 0211 04       		.byte	4
 559 0212 A0       		.byte	-96
 560 0213 80       		.byte	-128
 561 0214 A2       		.byte	-94
 562 0215 40       		.byte	64
 563 0216 A4       		.byte	-92
 564 0217 08       		.byte	8
 565 0218 A8       		.byte	-88
 566 0219 20       		.byte	32
 567 021a AA       		.byte	-86
 568 021b 10       		.byte	16
 569 021c AB       		.byte	-85
 570 021d 02       		.byte	2
ARM GAS  C:\Users\SZABMT~1\AppData\Local\Temp\ccliT7EH.s 			page 11


 571 021e AE       		.byte	-82
 572 021f 01       		.byte	1
 573 0220 B3       		.byte	-77
 574 0221 01       		.byte	1
 575 0222 B4       		.byte	-76
 576 0223 FF       		.byte	-1
 577 0224 B5       		.byte	-75
 578 0225 02       		.byte	2
 579 0226 BE       		.byte	-66
 580 0227 10       		.byte	16
 581 0228 D6       		.byte	-42
 582 0229 02       		.byte	2
 583 022a D7       		.byte	-41
 584 022b 39       		.byte	57
 585 022c D8       		.byte	-40
 586 022d 04       		.byte	4
 587 022e D9       		.byte	-39
 588 022f 04       		.byte	4
 589 0230 DB       		.byte	-37
 590 0231 0C       		.byte	12
 591 0232 DC       		.byte	-36
 592 0233 10       		.byte	16
 593 0234 DD       		.byte	-35
 594 0235 10       		.byte	16
 595 0236 DF       		.byte	-33
 596 0237 01       		.byte	1
 597 0238 01       		.byte	1
 598 0239 08       		.byte	8
 599 023a 02       		.byte	2
 600 023b 01       		.byte	1
 601 023c 05       		.byte	5
 602 023d 0C       		.byte	12
 603 023e 06       		.byte	6
 604 023f 02       		.byte	2
 605 0240 07       		.byte	7
 606 0241 48       		.byte	72
 607 0242 09       		.byte	9
 608 0243 28       		.byte	40
 609 0244 0C       		.byte	12
 610 0245 51       		.byte	81
 611 0246 0D       		.byte	13
 612 0247 38       		.byte	56
 613 0248 0E       		.byte	14
 614 0249 82       		.byte	-126
 615 024a 0F       		.byte	15
 616 024b 80       		.byte	-128
 617 024c 10       		.byte	16
 618 024d 41       		.byte	65
 619 024e 13       		.byte	19
 620 024f 04       		.byte	4
 621 0250 15       		.byte	21
 622 0251 54       		.byte	84
 623 0252 17       		.byte	23
 624 0253 81       		.byte	-127
 625 0254 1F       		.byte	31
 626 0255 20       		.byte	32
 627 0256 24       		.byte	36
ARM GAS  C:\Users\SZABMT~1\AppData\Local\Temp\ccliT7EH.s 			page 12


 628 0257 10       		.byte	16
 629 0258 25       		.byte	37
 630 0259 28       		.byte	40
 631 025a 28       		.byte	40
 632 025b 40       		.byte	64
 633 025c 29       		.byte	41
 634 025d 04       		.byte	4
 635 025e 2C       		.byte	44
 636 025f 41       		.byte	65
 637 0260 2D       		.byte	45
 638 0261 10       		.byte	16
 639 0262 30       		.byte	48
 640 0263 01       		.byte	1
 641 0264 31       		.byte	49
 642 0265 28       		.byte	40
 643 0266 34       		.byte	52
 644 0267 10       		.byte	16
 645 0268 35       		.byte	53
 646 0269 04       		.byte	4
 647 026a 37       		.byte	55
 648 026b 01       		.byte	1
 649 026c 39       		.byte	57
 650 026d 40       		.byte	64
 651 026e 3A       		.byte	58
 652 026f 01       		.byte	1
 653 0270 3B       		.byte	59
 654 0271 01       		.byte	1
 655 0272 3C       		.byte	60
 656 0273 10       		.byte	16
 657 0274 3D       		.byte	61
 658 0275 40       		.byte	64
 659 0276 3F       		.byte	63
 660 0277 01       		.byte	1
 661 0278 5E       		.byte	94
 662 0279 20       		.byte	32
 663 027a 67       		.byte	103
 664 027b 20       		.byte	32
 665 027c 6D       		.byte	109
 666 027d 14       		.byte	20
 667 027e 6F       		.byte	111
 668 027f 51       		.byte	81
 669 0280 75       		.byte	117
 670 0281 02       		.byte	2
 671 0282 76       		.byte	118
 672 0283 0A       		.byte	10
 673 0284 77       		.byte	119
 674 0285 08       		.byte	8
 675 0286 7F       		.byte	127
 676 0287 02       		.byte	2
 677 0288 83       		.byte	-125
 678 0289 08       		.byte	8
 679 028a 86       		.byte	-122
 680 028b 40       		.byte	64
 681 028c 87       		.byte	-121
 682 028d 84       		.byte	-124
 683 028e 93       		.byte	-109
 684 028f 20       		.byte	32
ARM GAS  C:\Users\SZABMT~1\AppData\Local\Temp\ccliT7EH.s 			page 13


 685 0290 95       		.byte	-107
 686 0291 20       		.byte	32
 687 0292 96       		.byte	-106
 688 0293 20       		.byte	32
 689 0294 97       		.byte	-105
 690 0295 04       		.byte	4
 691 0296 9C       		.byte	-100
 692 0297 40       		.byte	64
 693 0298 9D       		.byte	-99
 694 0299 06       		.byte	6
 695 029a 9E       		.byte	-98
 696 029b 43       		.byte	67
 697 029c A2       		.byte	-94
 698 029d 50       		.byte	80
 699 029e A3       		.byte	-93
 700 029f 02       		.byte	2
 701 02a0 A5       		.byte	-91
 702 02a1 08       		.byte	8
 703 02a2 A6       		.byte	-90
 704 02a3 01       		.byte	1
 705 02a4 A7       		.byte	-89
 706 02a5 08       		.byte	8
 707 02a6 B0       		.byte	-80
 708 02a7 80       		.byte	-128
 709 02a8 C0       		.byte	-64
 710 02a9 F5       		.byte	-11
 711 02aa C2       		.byte	-62
 712 02ab F6       		.byte	-10
 713 02ac C4       		.byte	-60
 714 02ad FD       		.byte	-3
 715 02ae CA       		.byte	-54
 716 02af B3       		.byte	-77
 717 02b0 CC       		.byte	-52
 718 02b1 E7       		.byte	-25
 719 02b2 CE       		.byte	-50
 720 02b3 B9       		.byte	-71
 721 02b4 D6       		.byte	-42
 722 02b5 20       		.byte	32
 723 02b6 D8       		.byte	-40
 724 02b7 40       		.byte	64
 725 02b8 DE       		.byte	-34
 726 02b9 10       		.byte	16
 727 02ba E2       		.byte	-30
 728 02bb 08       		.byte	8
 729 02bc E6       		.byte	-26
 730 02bd 01       		.byte	1
 731 02be E8       		.byte	-24
 732 02bf 20       		.byte	32
 733 02c0 02       		.byte	2
 734 02c1 01       		.byte	1
 735 02c2 03       		.byte	3
 736 02c3 02       		.byte	2
 737 02c4 06       		.byte	6
 738 02c5 02       		.byte	2
 739 02c6 07       		.byte	7
 740 02c7 21       		.byte	33
 741 02c8 0D       		.byte	13
ARM GAS  C:\Users\SZABMT~1\AppData\Local\Temp\ccliT7EH.s 			page 14


 742 02c9 02       		.byte	2
 743 02ca 11       		.byte	17
 744 02cb 01       		.byte	1
 745 02cc 1B       		.byte	27
 746 02cd 08       		.byte	8
 747 02ce 21       		.byte	33
 748 02cf 04       		.byte	4
 749 02d0 27       		.byte	39
 750 02d1 10       		.byte	16
 751 02d2 2B       		.byte	43
 752 02d3 04       		.byte	4
 753 02d4 2D       		.byte	45
 754 02d5 08       		.byte	8
 755 02d6 31       		.byte	49
 756 02d7 20       		.byte	32
 757 02d8 32       		.byte	50
 758 02d9 02       		.byte	2
 759 02da 33       		.byte	51
 760 02db 1F       		.byte	31
 761 02dc 36       		.byte	54
 762 02dd 01       		.byte	1
 763 02de 39       		.byte	57
 764 02df 08       		.byte	8
 765 02e0 3F       		.byte	63
 766 02e1 04       		.byte	4
 767 02e2 58       		.byte	88
 768 02e3 04       		.byte	4
 769 02e4 59       		.byte	89
 770 02e5 04       		.byte	4
 771 02e6 5C       		.byte	92
 772 02e7 11       		.byte	17
 773 02e8 5F       		.byte	95
 774 02e9 01       		.byte	1
 775 02ea D8       		.byte	-40
 776 02eb 04       		.byte	4
 777 02ec D9       		.byte	-39
 778 02ed 04       		.byte	4
 779 02ee DC       		.byte	-36
 780 02ef 11       		.byte	17
 781 02f0 DF       		.byte	-33
 782 02f1 01       		.byte	1
 783 02f2 00       		.byte	0
 784 02f3 90       		.byte	-112
 785 02f4 04       		.byte	4
 786 02f5 10       		.byte	16
 787 02f6 06       		.byte	6
 788 02f7 01       		.byte	1
 789 02f8 07       		.byte	7
 790 02f9 50       		.byte	80
 791 02fa 08       		.byte	8
 792 02fb 10       		.byte	16
 793 02fc 09       		.byte	9
 794 02fd 08       		.byte	8
 795 02fe 0B       		.byte	11
 796 02ff 80       		.byte	-128
 797 0300 0C       		.byte	12
 798 0301 10       		.byte	16
ARM GAS  C:\Users\SZABMT~1\AppData\Local\Temp\ccliT7EH.s 			page 15


 799 0302 0D       		.byte	13
 800 0303 08       		.byte	8
 801 0304 0E       		.byte	14
 802 0305 02       		.byte	2
 803 0306 11       		.byte	17
 804 0307 08       		.byte	8
 805 0308 12       		.byte	18
 806 0309 02       		.byte	2
 807 030a 16       		.byte	22
 808 030b 80       		.byte	-128
 809 030c 17       		.byte	23
 810 030d 80       		.byte	-128
 811 030e 1D       		.byte	29
 812 030f 0C       		.byte	12
 813 0310 1E       		.byte	30
 814 0311 02       		.byte	2
 815 0312 1F       		.byte	31
 816 0313 40       		.byte	64
 817 0314 25       		.byte	37
 818 0315 04       		.byte	4
 819 0316 26       		.byte	38
 820 0317 02       		.byte	2
 821 0318 27       		.byte	39
 822 0319 80       		.byte	-128
 823 031a 28       		.byte	40
 824 031b 50       		.byte	80
 825 031c 29       		.byte	41
 826 031d 08       		.byte	8
 827 031e 2A       		.byte	42
 828 031f 80       		.byte	-128
 829 0320 2C       		.byte	44
 830 0321 41       		.byte	65
 831 0322 2F       		.byte	47
 832 0323 68       		.byte	104
 833 0324 31       		.byte	49
 834 0325 04       		.byte	4
 835 0326 32       		.byte	50
 836 0327 02       		.byte	2
 837 0328 35       		.byte	53
 838 0329 88       		.byte	-120
 839 032a 36       		.byte	54
 840 032b 02       		.byte	2
 841 032c 37       		.byte	55
 842 032d 10       		.byte	16
 843 032e 38       		.byte	56
 844 032f 10       		.byte	16
 845 0330 3A       		.byte	58
 846 0331 01       		.byte	1
 847 0332 3C       		.byte	60
 848 0333 90       		.byte	-112
 849 0334 3E       		.byte	62
 850 0335 8A       		.byte	-118
 851 0336 3F       		.byte	63
 852 0337 80       		.byte	-128
 853 0338 81       		.byte	-127
 854 0339 84       		.byte	-124
 855 033a 82       		.byte	-126
ARM GAS  C:\Users\SZABMT~1\AppData\Local\Temp\ccliT7EH.s 			page 16


 856 033b 01       		.byte	1
 857 033c 90       		.byte	-112
 858 033d 10       		.byte	16
 859 033e 96       		.byte	-106
 860 033f 20       		.byte	32
 861 0340 98       		.byte	-104
 862 0341 10       		.byte	16
 863 0342 9A       		.byte	-102
 864 0343 0A       		.byte	10
 865 0344 9B       		.byte	-101
 866 0345 50       		.byte	80
 867 0346 9D       		.byte	-99
 868 0347 04       		.byte	4
 869 0348 9E       		.byte	-98
 870 0349 01       		.byte	1
 871 034a 9F       		.byte	-97
 872 034b 80       		.byte	-128
 873 034c A3       		.byte	-93
 874 034d 60       		.byte	96
 875 034e A6       		.byte	-90
 876 034f 01       		.byte	1
 877 0350 C0       		.byte	-64
 878 0351 F3       		.byte	-13
 879 0352 C2       		.byte	-62
 880 0353 EE       		.byte	-18
 881 0354 C4       		.byte	-60
 882 0355 95       		.byte	-107
 883 0356 CA       		.byte	-54
 884 0357 FB       		.byte	-5
 885 0358 CC       		.byte	-52
 886 0359 F3       		.byte	-13
 887 035a CE       		.byte	-50
 888 035b F5       		.byte	-11
 889 035c E2       		.byte	-30
 890 035d 08       		.byte	8
 891 035e E6       		.byte	-26
 892 035f 01       		.byte	1
 893 0360 E4       		.byte	-28
 894 0361 40       		.byte	64
 895 0362 E0       		.byte	-32
 896 0363 80       		.byte	-128
 897 0364 08       		.byte	8
 898 0365 01       		.byte	1
 899 0366 0C       		.byte	12
 900 0367 01       		.byte	1
 901 0368 10       		.byte	16
 902 0369 01       		.byte	1
 903 036a 16       		.byte	22
 904 036b 01       		.byte	1
 905 036c 1A       		.byte	26
 906 036d 01       		.byte	1
 907 036e 24       		.byte	36
 908 036f 01       		.byte	1
 909 0370 2C       		.byte	44
 910 0371 01       		.byte	1
 911 0372 34       		.byte	52
 912 0373 01       		.byte	1
ARM GAS  C:\Users\SZABMT~1\AppData\Local\Temp\ccliT7EH.s 			page 17


 913 0374 58       		.byte	88
 914 0375 04       		.byte	4
 915 0376 59       		.byte	89
 916 0377 04       		.byte	4
 917 0378 5C       		.byte	92
 918 0379 11       		.byte	17
 919 037a 5F       		.byte	95
 920 037b 01       		.byte	1
 921 037c 87       		.byte	-121
 922 037d 01       		.byte	1
 923 037e 8B       		.byte	-117
 924 037f 01       		.byte	1
 925 0380 95       		.byte	-107
 926 0381 01       		.byte	1
 927 0382 9B       		.byte	-101
 928 0383 01       		.byte	1
 929 0384 9D       		.byte	-99
 930 0385 01       		.byte	1
 931 0386 A1       		.byte	-95
 932 0387 01       		.byte	1
 933 0388 AD       		.byte	-83
 934 0389 01       		.byte	1
 935 038a B7       		.byte	-73
 936 038b 01       		.byte	1
 937 038c D8       		.byte	-40
 938 038d 04       		.byte	4
 939 038e D9       		.byte	-39
 940 038f 04       		.byte	4
 941 0390 DC       		.byte	-36
 942 0391 11       		.byte	17
 943 0392 DF       		.byte	-33
 944 0393 01       		.byte	1
 945 0394 00       		.byte	0
 946 0395 10       		.byte	16
 947 0396 01       		.byte	1
 948 0397 80       		.byte	-128
 949 0398 02       		.byte	2
 950 0399 02       		.byte	2
 951 039a 04       		.byte	4
 952 039b 14       		.byte	20
 953 039c 05       		.byte	5
 954 039d 80       		.byte	-128
 955 039e 06       		.byte	6
 956 039f 80       		.byte	-128
 957 03a0 09       		.byte	9
 958 03a1 08       		.byte	8
 959 03a2 0A       		.byte	10
 960 03a3 04       		.byte	4
 961 03a4 0B       		.byte	11
 962 03a5 80       		.byte	-128
 963 03a6 0C       		.byte	12
 964 03a7 40       		.byte	64
 965 03a8 0D       		.byte	13
 966 03a9 08       		.byte	8
 967 03aa 0E       		.byte	14
 968 03ab 02       		.byte	2
 969 03ac 10       		.byte	16
ARM GAS  C:\Users\SZABMT~1\AppData\Local\Temp\ccliT7EH.s 			page 18


 970 03ad 11       		.byte	17
 971 03ae 14       		.byte	20
 972 03af 10       		.byte	16
 973 03b0 1B       		.byte	27
 974 03b1 10       		.byte	16
 975 03b2 24       		.byte	36
 976 03b3 01       		.byte	1
 977 03b4 28       		.byte	40
 978 03b5 51       		.byte	81
 979 03b6 2A       		.byte	42
 980 03b7 80       		.byte	-128
 981 03b8 2E       		.byte	46
 982 03b9 80       		.byte	-128
 983 03ba 2F       		.byte	47
 984 03bb 40       		.byte	64
 985 03bc 31       		.byte	49
 986 03bd 08       		.byte	8
 987 03be 32       		.byte	50
 988 03bf 02       		.byte	2
 989 03c0 33       		.byte	51
 990 03c1 04       		.byte	4
 991 03c2 34       		.byte	52
 992 03c3 10       		.byte	16
 993 03c4 35       		.byte	53
 994 03c5 80       		.byte	-128
 995 03c6 37       		.byte	55
 996 03c7 04       		.byte	4
 997 03c8 38       		.byte	56
 998 03c9 14       		.byte	20
 999 03ca 3C       		.byte	60
 1000 03cb 14       		.byte	20
 1001 03cc 3D       		.byte	61
 1002 03cd 08       		.byte	8
 1003 03ce 3E       		.byte	62
 1004 03cf 04       		.byte	4
 1005 03d0 83       		.byte	-125
 1006 03d1 10       		.byte	16
 1007 03d2 8C       		.byte	-116
 1008 03d3 01       		.byte	1
 1009 03d4 90       		.byte	-112
 1010 03d5 10       		.byte	16
 1011 03d6 93       		.byte	-109
 1012 03d7 80       		.byte	-128
 1013 03d8 98       		.byte	-104
 1014 03d9 10       		.byte	16
 1015 03da 9A       		.byte	-102
 1016 03db 80       		.byte	-128
 1017 03dc A1       		.byte	-95
 1018 03dd 0C       		.byte	12
 1019 03de A2       		.byte	-94
 1020 03df 03       		.byte	3
 1021 03e0 C0       		.byte	-64
 1022 03e1 F3       		.byte	-13
 1023 03e2 C2       		.byte	-62
 1024 03e3 AE       		.byte	-82
 1025 03e4 C4       		.byte	-60
 1026 03e5 25       		.byte	37
ARM GAS  C:\Users\SZABMT~1\AppData\Local\Temp\ccliT7EH.s 			page 19


 1027 03e6 CA       		.byte	-54
 1028 03e7 9B       		.byte	-101
 1029 03e8 CC       		.byte	-52
 1030 03e9 73       		.byte	115
 1031 03ea CE       		.byte	-50
 1032 03eb 66       		.byte	102
 1033 03ec E2       		.byte	-30
 1034 03ed 03       		.byte	3
 1035 03ee E4       		.byte	-28
 1036 03ef 01       		.byte	1
 1037 03f0 EC       		.byte	-20
 1038 03f1 20       		.byte	32
 1039 03f2 58       		.byte	88
 1040 03f3 04       		.byte	4
 1041 03f4 59       		.byte	89
 1042 03f5 04       		.byte	4
 1043 03f6 5C       		.byte	92
 1044 03f7 11       		.byte	17
 1045 03f8 5F       		.byte	95
 1046 03f9 01       		.byte	1
 1047 03fa 88       		.byte	-120
 1048 03fb 01       		.byte	1
 1049 03fc 8C       		.byte	-116
 1050 03fd 01       		.byte	1
 1051 03fe 90       		.byte	-112
 1052 03ff 01       		.byte	1
 1053 0400 94       		.byte	-108
 1054 0401 01       		.byte	1
 1055 0402 98       		.byte	-104
 1056 0403 01       		.byte	1
 1057 0404 A6       		.byte	-90
 1058 0405 01       		.byte	1
 1059 0406 AC       		.byte	-84
 1060 0407 01       		.byte	1
 1061 0408 B2       		.byte	-78
 1062 0409 01       		.byte	1
 1063 040a D8       		.byte	-40
 1064 040b 04       		.byte	4
 1065 040c D9       		.byte	-39
 1066 040d 04       		.byte	4
 1067 040e DC       		.byte	-36
 1068 040f 11       		.byte	17
 1069 0410 DF       		.byte	-33
 1070 0411 01       		.byte	1
 1071 0412 00       		.byte	0
 1072 0413 10       		.byte	16
 1073 0414 01       		.byte	1
 1074 0415 80       		.byte	-128
 1075 0416 02       		.byte	2
 1076 0417 02       		.byte	2
 1077 0418 03       		.byte	3
 1078 0419 01       		.byte	1
 1079 041a 04       		.byte	4
 1080 041b 10       		.byte	16
 1081 041c 06       		.byte	6
 1082 041d 81       		.byte	-127
 1083 041e 08       		.byte	8
ARM GAS  C:\Users\SZABMT~1\AppData\Local\Temp\ccliT7EH.s 			page 20


 1084 041f 10       		.byte	16
 1085 0420 09       		.byte	9
 1086 0421 08       		.byte	8
 1087 0422 0B       		.byte	11
 1088 0423 80       		.byte	-128
 1089 0424 0D       		.byte	13
 1090 0425 08       		.byte	8
 1091 0426 0E       		.byte	14
 1092 0427 02       		.byte	2
 1093 0428 10       		.byte	16
 1094 0429 01       		.byte	1
 1095 042a 11       		.byte	17
 1096 042b 08       		.byte	8
 1097 042c 14       		.byte	20
 1098 042d 10       		.byte	16
 1099 042e 17       		.byte	23
 1100 042f 01       		.byte	1
 1101 0430 1A       		.byte	26
 1102 0431 20       		.byte	32
 1103 0432 28       		.byte	40
 1104 0433 51       		.byte	81
 1105 0434 2A       		.byte	42
 1106 0435 80       		.byte	-128
 1107 0436 2C       		.byte	44
 1108 0437 10       		.byte	16
 1109 0438 2E       		.byte	46
 1110 0439 80       		.byte	-128
 1111 043a 2F       		.byte	47
 1112 043b 48       		.byte	72
 1113 043c 31       		.byte	49
 1114 043d 08       		.byte	8
 1115 043e 32       		.byte	50
 1116 043f 02       		.byte	2
 1117 0440 33       		.byte	51
 1118 0441 08       		.byte	8
 1119 0442 35       		.byte	53
 1120 0443 80       		.byte	-128
 1121 0444 38       		.byte	56
 1122 0445 10       		.byte	16
 1123 0446 3A       		.byte	58
 1124 0447 01       		.byte	1
 1125 0448 3C       		.byte	60
 1126 0449 10       		.byte	16
 1127 044a 3D       		.byte	61
 1128 044b 08       		.byte	8
 1129 044c 90       		.byte	-112
 1130 044d 10       		.byte	16
 1131 044e 93       		.byte	-109
 1132 044f 80       		.byte	-128
 1133 0450 96       		.byte	-106
 1134 0451 20       		.byte	32
 1135 0452 98       		.byte	-104
 1136 0453 50       		.byte	80
 1137 0454 9A       		.byte	-102
 1138 0455 81       		.byte	-127
 1139 0456 A1       		.byte	-95
 1140 0457 0C       		.byte	12
ARM GAS  C:\Users\SZABMT~1\AppData\Local\Temp\ccliT7EH.s 			page 21


 1141 0458 A2       		.byte	-94
 1142 0459 03       		.byte	3
 1143 045a AB       		.byte	-85
 1144 045b 48       		.byte	72
 1145 045c AC       		.byte	-84
 1146 045d 01       		.byte	1
 1147 045e AD       		.byte	-83
 1148 045f 08       		.byte	8
 1149 0460 C0       		.byte	-64
 1150 0461 D3       		.byte	-45
 1151 0462 C2       		.byte	-62
 1152 0463 AE       		.byte	-82
 1153 0464 C4       		.byte	-60
 1154 0465 35       		.byte	53
 1155 0466 CA       		.byte	-54
 1156 0467 FB       		.byte	-5
 1157 0468 CC       		.byte	-52
 1158 0469 13       		.byte	19
 1159 046a CE       		.byte	-50
 1160 046b 65       		.byte	101
 1161 046c EA       		.byte	-22
 1162 046d 80       		.byte	-128
 1163 046e EA       		.byte	-22
 1164 046f 80       		.byte	-128
 1165 0470 B9       		.byte	-71
 1166 0471 02       		.byte	2
 1167 0472 BF       		.byte	-65
 1168 0473 01       		.byte	1
 1169 0474 D9       		.byte	-39
 1170 0475 04       		.byte	4
 1171 0476 DF       		.byte	-33
 1172 0477 01       		.byte	1
 1173 0478 27       		.byte	39
 1174 0479 80       		.byte	-128
 1175 047a 83       		.byte	-125
 1176 047b 80       		.byte	-128
 1177 047c 87       		.byte	-121
 1178 047d 80       		.byte	-128
 1179 047e E4       		.byte	-28
 1180 047f 11       		.byte	17
 1181 0480 EC       		.byte	-20
 1182 0481 20       		.byte	32
 1183 0482 11       		.byte	17
 1184 0483 04       		.byte	4
 1185 0484 16       		.byte	22
 1186 0485 80       		.byte	-128
 1187 0486 32       		.byte	50
 1188 0487 20       		.byte	32
 1189 0488 34       		.byte	52
 1190 0489 40       		.byte	64
 1191 048a 38       		.byte	56
 1192 048b 08       		.byte	8
 1193 048c 3E       		.byte	62
 1194 048d 80       		.byte	-128
 1195 048e 54       		.byte	84
 1196 048f 10       		.byte	16
 1197 0490 5A       		.byte	90
ARM GAS  C:\Users\SZABMT~1\AppData\Local\Temp\ccliT7EH.s 			page 22


 1198 0491 20       		.byte	32
 1199 0492 5C       		.byte	92
 1200 0493 01       		.byte	1
 1201 0494 61       		.byte	97
 1202 0495 40       		.byte	64
 1203 0496 65       		.byte	101
 1204 0497 10       		.byte	16
 1205 0498 85       		.byte	-123
 1206 0499 40       		.byte	64
 1207 049a 8C       		.byte	-116
 1208 049b 01       		.byte	1
 1209 049c C4       		.byte	-60
 1210 049d 30       		.byte	48
 1211 049e CC       		.byte	-52
 1212 049f 30       		.byte	48
 1213 04a0 CE       		.byte	-50
 1214 04a1 60       		.byte	96
 1215 04a2 D4       		.byte	-44
 1216 04a3 C0       		.byte	-64
 1217 04a4 D6       		.byte	-42
 1218 04a5 C0       		.byte	-64
 1219 04a6 D8       		.byte	-40
 1220 04a7 80       		.byte	-128
 1221 04a8 E6       		.byte	-26
 1222 04a9 10       		.byte	16
 1223 04aa 81       		.byte	-127
 1224 04ab 10       		.byte	16
 1225 04ac 91       		.byte	-111
 1226 04ad 04       		.byte	4
 1227 04ae 94       		.byte	-108
 1228 04af 08       		.byte	8
 1229 04b0 96       		.byte	-106
 1230 04b1 20       		.byte	32
 1231 04b2 9C       		.byte	-100
 1232 04b3 40       		.byte	64
 1233 04b4 9D       		.byte	-99
 1234 04b5 10       		.byte	16
 1235 04b6 A4       		.byte	-92
 1236 04b7 10       		.byte	16
 1237 04b8 AA       		.byte	-86
 1238 04b9 20       		.byte	32
 1239 04ba E6       		.byte	-26
 1240 04bb 20       		.byte	32
 1241 04bc EE       		.byte	-18
 1242 04bd 80       		.byte	-128
 1243 04be 80       		.byte	-128
 1244 04bf 04       		.byte	4
 1245 04c0 94       		.byte	-108
 1246 04c1 08       		.byte	8
 1247 04c2 96       		.byte	-106
 1248 04c3 20       		.byte	32
 1249 04c4 9C       		.byte	-100
 1250 04c5 40       		.byte	64
 1251 04c6 A4       		.byte	-92
 1252 04c7 10       		.byte	16
 1253 04c8 B1       		.byte	-79
 1254 04c9 04       		.byte	4
ARM GAS  C:\Users\SZABMT~1\AppData\Local\Temp\ccliT7EH.s 			page 23


 1255 04ca E6       		.byte	-26
 1256 04cb 80       		.byte	-128
 1257 04cc 1A       		.byte	26
 1258 04cd 20       		.byte	32
 1259 04ce 1C       		.byte	28
 1260 04cf 20       		.byte	32
 1261 04d0 96       		.byte	-106
 1262 04d1 20       		.byte	32
 1263 04d2 9C       		.byte	-100
 1264 04d3 40       		.byte	64
 1265 04d4 A4       		.byte	-92
 1266 04d5 10       		.byte	16
 1267 04d6 C6       		.byte	-58
 1268 04d7 30       		.byte	48
 1269 04d8 8B       		.byte	-117
 1270 04d9 80       		.byte	-128
 1271 04da E0       		.byte	-32
 1272 04db 01       		.byte	1
 1273 04dc 8F       		.byte	-113
 1274 04dd 02       		.byte	2
 1275 04de A3       		.byte	-93
 1276 04df 80       		.byte	-128
 1277 04e0 E4       		.byte	-28
 1278 04e1 02       		.byte	2
 1279 04e2 1B       		.byte	27
 1280 04e3 08       		.byte	8
 1281 04e4 26       		.byte	38
 1282 04e5 08       		.byte	8
 1283 04e6 83       		.byte	-125
 1284 04e7 08       		.byte	8
 1285 04e8 86       		.byte	-122
 1286 04e9 08       		.byte	8
 1287 04ea A3       		.byte	-93
 1288 04eb 82       		.byte	-126
 1289 04ec C6       		.byte	-58
 1290 04ed 08       		.byte	8
 1291 04ee C8       		.byte	-56
 1292 04ef 01       		.byte	1
 1293 04f0 43       		.byte	67
 1294 04f1 02       		.byte	2
 1295 04f2 44       		.byte	68
 1296 04f3 01       		.byte	1
 1297 04f4 A3       		.byte	-93
 1298 04f5 82       		.byte	-126
 1299 04f6 D0       		.byte	-48
 1300 04f7 06       		.byte	6
 1301 04f8 20       		.byte	32
 1302 04f9 80       		.byte	-128
 1303 04fa 67       		.byte	103
 1304 04fb 04       		.byte	4
 1305 04fc 6B       		.byte	107
 1306 04fd 04       		.byte	4
 1307 04fe B0       		.byte	-80
 1308 04ff 40       		.byte	64
 1309 0500 C8       		.byte	-56
 1310 0501 40       		.byte	64
 1311 0502 D8       		.byte	-40
ARM GAS  C:\Users\SZABMT~1\AppData\Local\Temp\ccliT7EH.s 			page 24


 1312 0503 80       		.byte	-128
 1313 0504 DA       		.byte	-38
 1314 0505 40       		.byte	64
 1315 0506 83       		.byte	-125
 1316 0507 04       		.byte	4
 1317 0508 87       		.byte	-121
 1318 0509 04       		.byte	4
 1319 050a 97       		.byte	-105
 1320 050b 04       		.byte	4
 1321 050c 9F       		.byte	-97
 1322 050d 04       		.byte	4
 1323 050e B0       		.byte	-80
 1324 050f 40       		.byte	64
 1325 0510 E2       		.byte	-30
 1326 0511 C0       		.byte	-64
 1327 0512 1C       		.byte	28
 1328 0513 02       		.byte	2
 1329 0514 9C       		.byte	-100
 1330 0515 01       		.byte	1
 1331 0516 A3       		.byte	-93
 1332 0517 80       		.byte	-128
 1333 0518 A4       		.byte	-92
 1334 0519 01       		.byte	1
 1335 051a B0       		.byte	-80
 1336 051b 01       		.byte	1
 1337 051c C6       		.byte	-58
 1338 051d 01       		.byte	1
 1339 051e EA       		.byte	-22
 1340 051f 01       		.byte	1
 1341 0520 50       		.byte	80
 1342 0521 04       		.byte	4
 1343 0522 52       		.byte	82
 1344 0523 02       		.byte	2
 1345 0524 57       		.byte	87
 1346 0525 80       		.byte	-128
 1347 0526 80       		.byte	-128
 1348 0527 04       		.byte	4
 1349 0528 8E       		.byte	-114
 1350 0529 02       		.byte	2
 1351 052a A3       		.byte	-93
 1352 052b 80       		.byte	-128
 1353 052c B0       		.byte	-80
 1354 052d 01       		.byte	1
 1355 052e D4       		.byte	-44
 1356 052f 07       		.byte	7
 1357 0530 E4       		.byte	-28
 1358 0531 08       		.byte	8
 1359 0532 EC       		.byte	-20
 1360 0533 04       		.byte	4
 1361 0534 00       		.byte	0
 1362 0535 02       		.byte	2
 1363 0536 01       		.byte	1
 1364 0537 01       		.byte	1
 1365 0538 08       		.byte	8
 1366 0539 02       		.byte	2
 1367 053a 09       		.byte	9
 1368 053b 01       		.byte	1
ARM GAS  C:\Users\SZABMT~1\AppData\Local\Temp\ccliT7EH.s 			page 25


 1369 053c 0A       		.byte	10
 1370 053d 02       		.byte	2
 1371 053e 10       		.byte	16
 1372 053f 02       		.byte	2
 1373 0540 1A       		.byte	26
 1374 0541 02       		.byte	2
 1375 0542 00       		.byte	0
 1376 0543 0F       		.byte	15
 1377 0544 10       		.byte	16
 1378 0545 0A       		.byte	10
 1379 0546 00       		.byte	0
 1380 0547 00       		.byte	0
 1381 0548 00       		.byte	0
 1382 0549 00       		.byte	0
 1383 054a 00       		.byte	0
 1384 054b 00       		.byte	0
 1385 054c 00       		.byte	0
 1386 054d 00       		.byte	0
 1387 054e 04       		.byte	4
 1388 054f 00       		.byte	0
 1389 0550 00       		.byte	0
 1390 0551 0B       		.byte	11
 1391 0552 0B       		.byte	11
 1392 0553 00       		.byte	0
 1393 0554 00       		.byte	0
 1394 0555 00       		.byte	0
 1395 0556 00       		.byte	0
 1396 0557 00       		.byte	0
 1397 0558 00       		.byte	0
 1398 0559 7F       		.byte	127
 1399 055a 7F       		.byte	127
 1400 055b 00       		.byte	0
 1401 055c 00       		.byte	0
 1402 055d 00       		.byte	0
 1403 055e 00       		.byte	0
 1404 055f 00       		.byte	0
 1405 0560 08       		.byte	8
 1406 0561 07       		.byte	7
 1407 0562 07       		.byte	7
 1408 0563 00       		.byte	0
 1409 0564 06       		.byte	6
 1410 0565 70       		.byte	112
 1411 0566 70       		.byte	112
 1412 0567 00       		.byte	0
 1413 0568 C0       		.byte	-64
 1414 0569 00       		.byte	0
 1415 056a 00       		.byte	0
 1416 056b C0       		.byte	-64
 1417 056c 00       		.byte	0
 1418 056d 00       		.byte	0
 1419 056e 00       		.byte	0
 1420 056f 07       		.byte	7
 1421 0570 07       		.byte	7
 1422 0571 00       		.byte	0
 1423 0572 00       		.byte	0
 1424 0573 00       		.byte	0
 1425 0574 12       		.byte	18
ARM GAS  C:\Users\SZABMT~1\AppData\Local\Temp\ccliT7EH.s 			page 26


 1426 0575 08       		.byte	8
 1427 0576 08       		.byte	8
 1428 0577 00       		.byte	0
 1429 0578 00       		.byte	0
 1430 0579 00       		.byte	0
 1431 057a 20       		.byte	32
 1432 057b 00       		.byte	0
 1433 057c 01       		.byte	1
 1434 057d 00       		.byte	0
 1435 057e 18       		.byte	24
 1436 057f 01       		.byte	1
 1437 0580 00       		.byte	0
 1438 0581 01       		.byte	1
 1439 0582 00       		.byte	0
 1440 0583 00       		.byte	0
 1441              		.section	.cywolatch,"a",%progbits
 1442              		.align	2
 1443              		.type	cy_meta_wonvl, %object
 1444              		.size	cy_meta_wonvl, 4
 1445              	cy_meta_wonvl:
 1446 0000 BC       		.byte	-68
 1447 0001 90       		.byte	-112
 1448 0002 AC       		.byte	-84
 1449 0003 AF       		.byte	-81
 1450              		.section	.cycustnvl,"a",%progbits
 1451              		.align	2
 1452              		.type	cy_meta_custnvl, %object
 1453              		.size	cy_meta_custnvl, 4
 1454              	cy_meta_custnvl:
 1455 0000 00       		.byte	0
 1456 0001 00       		.byte	0
 1457 0002 40       		.byte	64
 1458 0003 05       		.byte	5
 1459              		.section	.cymeta,"a",%progbits
 1460              		.align	2
 1461              		.type	cy_metadata, %object
 1462              		.size	cy_metadata, 12
 1463              	cy_metadata:
 1464 0000 00       		.byte	0
 1465 0001 01       		.byte	1
 1466 0002 2E       		.byte	46
 1467 0003 12       		.byte	18
 1468 0004 30       		.byte	48
 1469 0005 69       		.byte	105
 1470 0006 00       		.byte	0
 1471 0007 01       		.byte	1
 1472 0008 00       		.byte	0
 1473 0009 00       		.byte	0
 1474 000a 00       		.byte	0
 1475 000b 00       		.byte	0
 1476              		.section	.cyflashprotect,"a",%progbits
 1477              		.align	2
 1478              		.type	cy_meta_flashprotect, %object
 1479              		.size	cy_meta_flashprotect, 256
 1480              	cy_meta_flashprotect:
 1481 0000 00000000 		.space	256
 1481      00000000 
ARM GAS  C:\Users\SZABMT~1\AppData\Local\Temp\ccliT7EH.s 			page 27


 1481      00000000 
 1481      00000000 
 1481      00000000 
 1482              		.text
 1483              	.Letext0:
 1484              		.file 1 "c:\\program files (x86)\\cypress\\psoc creator\\4.2\\psoc creator\\import\\gnu\\arm\\5.4.
 1485              		.file 2 "c:\\program files (x86)\\cypress\\psoc creator\\4.2\\psoc creator\\import\\gnu\\arm\\5.4.
 1486              		.file 3 "Generated_Source\\PSoC5\\cymetadata.c"
 1487              		.section	.debug_info,"",%progbits
 1488              	.Ldebug_info0:
 1489 0000 32010000 		.4byte	0x132
 1490 0004 0400     		.2byte	0x4
 1491 0006 00000000 		.4byte	.Ldebug_abbrev0
 1492 000a 04       		.byte	0x4
 1493 000b 01       		.uleb128 0x1
 1494 000c 24000000 		.4byte	.LASF17
 1495 0010 0C       		.byte	0xc
 1496 0011 B1010000 		.4byte	.LASF18
 1497 0015 5F010000 		.4byte	.LASF19
 1498 0019 00000000 		.4byte	.Ldebug_line0
 1499 001d 02       		.uleb128 0x2
 1500 001e 01       		.byte	0x1
 1501 001f 06       		.byte	0x6
 1502 0020 A5010000 		.4byte	.LASF0
 1503 0024 03       		.uleb128 0x3
 1504 0025 00000000 		.4byte	.LASF9
 1505 0029 01       		.byte	0x1
 1506 002a 1D       		.byte	0x1d
 1507 002b 2F000000 		.4byte	0x2f
 1508 002f 02       		.uleb128 0x2
 1509 0030 01       		.byte	0x1
 1510 0031 08       		.byte	0x8
 1511 0032 16000000 		.4byte	.LASF1
 1512 0036 02       		.uleb128 0x2
 1513 0037 02       		.byte	0x2
 1514 0038 05       		.byte	0x5
 1515 0039 92010000 		.4byte	.LASF2
 1516 003d 02       		.uleb128 0x2
 1517 003e 02       		.byte	0x2
 1518 003f 07       		.byte	0x7
 1519 0040 C4000000 		.4byte	.LASF3
 1520 0044 02       		.uleb128 0x2
 1521 0045 04       		.byte	0x4
 1522 0046 05       		.byte	0x5
 1523 0047 9C010000 		.4byte	.LASF4
 1524 004b 02       		.uleb128 0x2
 1525 004c 04       		.byte	0x4
 1526 004d 07       		.byte	0x7
 1527 004e B2000000 		.4byte	.LASF5
 1528 0052 02       		.uleb128 0x2
 1529 0053 08       		.byte	0x8
 1530 0054 05       		.byte	0x5
 1531 0055 51010000 		.4byte	.LASF6
 1532 0059 02       		.uleb128 0x2
 1533 005a 08       		.byte	0x8
 1534 005b 07       		.byte	0x7
 1535 005c 06010000 		.4byte	.LASF7
ARM GAS  C:\Users\SZABMT~1\AppData\Local\Temp\ccliT7EH.s 			page 28


 1536 0060 04       		.uleb128 0x4
 1537 0061 04       		.byte	0x4
 1538 0062 05       		.byte	0x5
 1539 0063 696E7400 		.ascii	"int\000"
 1540 0067 02       		.uleb128 0x2
 1541 0068 04       		.byte	0x4
 1542 0069 07       		.byte	0x7
 1543 006a F9000000 		.4byte	.LASF8
 1544 006e 03       		.uleb128 0x3
 1545 006f 1D010000 		.4byte	.LASF10
 1546 0073 02       		.byte	0x2
 1547 0074 18       		.byte	0x18
 1548 0075 24000000 		.4byte	0x24
 1549 0079 05       		.uleb128 0x5
 1550 007a 91000000 		.4byte	0x91
 1551 007e 8A000000 		.4byte	0x8a
 1552 0082 06       		.uleb128 0x6
 1553 0083 8A000000 		.4byte	0x8a
 1554 0087 8305     		.2byte	0x583
 1555 0089 00       		.byte	0
 1556 008a 02       		.uleb128 0x2
 1557 008b 04       		.byte	0x4
 1558 008c 07       		.byte	0x7
 1559 008d 48010000 		.4byte	.LASF11
 1560 0091 07       		.uleb128 0x7
 1561 0092 6E000000 		.4byte	0x6e
 1562 0096 08       		.uleb128 0x8
 1563 0097 E7000000 		.4byte	.LASF12
 1564 009b 03       		.byte	0x3
 1565 009c 1F       		.byte	0x1f
 1566 009d A7000000 		.4byte	0xa7
 1567 00a1 05       		.uleb128 0x5
 1568 00a2 03       		.byte	0x3
 1569 00a3 00000000 		.4byte	cy_meta_configecc
 1570 00a7 07       		.uleb128 0x7
 1571 00a8 79000000 		.4byte	0x79
 1572 00ac 05       		.uleb128 0x5
 1573 00ad 91000000 		.4byte	0x91
 1574 00b1 BC000000 		.4byte	0xbc
 1575 00b5 09       		.uleb128 0x9
 1576 00b6 8A000000 		.4byte	0x8a
 1577 00ba 03       		.byte	0x3
 1578 00bb 00       		.byte	0
 1579 00bc 08       		.uleb128 0x8
 1580 00bd D7000000 		.4byte	.LASF13
 1581 00c1 03       		.byte	0x3
 1582 00c2 DD       		.byte	0xdd
 1583 00c3 CD000000 		.4byte	0xcd
 1584 00c7 05       		.uleb128 0x5
 1585 00c8 03       		.byte	0x3
 1586 00c9 00000000 		.4byte	cy_meta_custnvl
 1587 00cd 07       		.uleb128 0x7
 1588 00ce AC000000 		.4byte	0xac
 1589 00d2 08       		.uleb128 0x8
 1590 00d3 3A010000 		.4byte	.LASF14
 1591 00d7 03       		.byte	0x3
 1592 00d8 EB       		.byte	0xeb
ARM GAS  C:\Users\SZABMT~1\AppData\Local\Temp\ccliT7EH.s 			page 29


 1593 00d9 E3000000 		.4byte	0xe3
 1594 00dd 05       		.uleb128 0x5
 1595 00de 03       		.byte	0x3
 1596 00df 00000000 		.4byte	cy_meta_wonvl
 1597 00e3 07       		.uleb128 0x7
 1598 00e4 AC000000 		.4byte	0xac
 1599 00e8 05       		.uleb128 0x5
 1600 00e9 91000000 		.4byte	0x91
 1601 00ed F8000000 		.4byte	0xf8
 1602 00f1 09       		.uleb128 0x9
 1603 00f2 8A000000 		.4byte	0x8a
 1604 00f6 FF       		.byte	0xff
 1605 00f7 00       		.byte	0
 1606 00f8 08       		.uleb128 0x8
 1607 00f9 25010000 		.4byte	.LASF15
 1608 00fd 03       		.byte	0x3
 1609 00fe F9       		.byte	0xf9
 1610 00ff 09010000 		.4byte	0x109
 1611 0103 05       		.uleb128 0x5
 1612 0104 03       		.byte	0x3
 1613 0105 00000000 		.4byte	cy_meta_flashprotect
 1614 0109 07       		.uleb128 0x7
 1615 010a E8000000 		.4byte	0xe8
 1616 010e 05       		.uleb128 0x5
 1617 010f 91000000 		.4byte	0x91
 1618 0113 1E010000 		.4byte	0x11e
 1619 0117 09       		.uleb128 0x9
 1620 0118 8A000000 		.4byte	0x8a
 1621 011c 0B       		.byte	0xb
 1622 011d 00       		.byte	0
 1623 011e 0A       		.uleb128 0xa
 1624 011f 0A000000 		.4byte	.LASF16
 1625 0123 03       		.byte	0x3
 1626 0124 2601     		.2byte	0x126
 1627 0126 30010000 		.4byte	0x130
 1628 012a 05       		.uleb128 0x5
 1629 012b 03       		.byte	0x3
 1630 012c 00000000 		.4byte	cy_metadata
 1631 0130 07       		.uleb128 0x7
 1632 0131 0E010000 		.4byte	0x10e
 1633 0135 00       		.byte	0
 1634              		.section	.debug_abbrev,"",%progbits
 1635              	.Ldebug_abbrev0:
 1636 0000 01       		.uleb128 0x1
 1637 0001 11       		.uleb128 0x11
 1638 0002 01       		.byte	0x1
 1639 0003 25       		.uleb128 0x25
 1640 0004 0E       		.uleb128 0xe
 1641 0005 13       		.uleb128 0x13
 1642 0006 0B       		.uleb128 0xb
 1643 0007 03       		.uleb128 0x3
 1644 0008 0E       		.uleb128 0xe
 1645 0009 1B       		.uleb128 0x1b
 1646 000a 0E       		.uleb128 0xe
 1647 000b 10       		.uleb128 0x10
 1648 000c 17       		.uleb128 0x17
 1649 000d 00       		.byte	0
ARM GAS  C:\Users\SZABMT~1\AppData\Local\Temp\ccliT7EH.s 			page 30


 1650 000e 00       		.byte	0
 1651 000f 02       		.uleb128 0x2
 1652 0010 24       		.uleb128 0x24
 1653 0011 00       		.byte	0
 1654 0012 0B       		.uleb128 0xb
 1655 0013 0B       		.uleb128 0xb
 1656 0014 3E       		.uleb128 0x3e
 1657 0015 0B       		.uleb128 0xb
 1658 0016 03       		.uleb128 0x3
 1659 0017 0E       		.uleb128 0xe
 1660 0018 00       		.byte	0
 1661 0019 00       		.byte	0
 1662 001a 03       		.uleb128 0x3
 1663 001b 16       		.uleb128 0x16
 1664 001c 00       		.byte	0
 1665 001d 03       		.uleb128 0x3
 1666 001e 0E       		.uleb128 0xe
 1667 001f 3A       		.uleb128 0x3a
 1668 0020 0B       		.uleb128 0xb
 1669 0021 3B       		.uleb128 0x3b
 1670 0022 0B       		.uleb128 0xb
 1671 0023 49       		.uleb128 0x49
 1672 0024 13       		.uleb128 0x13
 1673 0025 00       		.byte	0
 1674 0026 00       		.byte	0
 1675 0027 04       		.uleb128 0x4
 1676 0028 24       		.uleb128 0x24
 1677 0029 00       		.byte	0
 1678 002a 0B       		.uleb128 0xb
 1679 002b 0B       		.uleb128 0xb
 1680 002c 3E       		.uleb128 0x3e
 1681 002d 0B       		.uleb128 0xb
 1682 002e 03       		.uleb128 0x3
 1683 002f 08       		.uleb128 0x8
 1684 0030 00       		.byte	0
 1685 0031 00       		.byte	0
 1686 0032 05       		.uleb128 0x5
 1687 0033 01       		.uleb128 0x1
 1688 0034 01       		.byte	0x1
 1689 0035 49       		.uleb128 0x49
 1690 0036 13       		.uleb128 0x13
 1691 0037 01       		.uleb128 0x1
 1692 0038 13       		.uleb128 0x13
 1693 0039 00       		.byte	0
 1694 003a 00       		.byte	0
 1695 003b 06       		.uleb128 0x6
 1696 003c 21       		.uleb128 0x21
 1697 003d 00       		.byte	0
 1698 003e 49       		.uleb128 0x49
 1699 003f 13       		.uleb128 0x13
 1700 0040 2F       		.uleb128 0x2f
 1701 0041 05       		.uleb128 0x5
 1702 0042 00       		.byte	0
 1703 0043 00       		.byte	0
 1704 0044 07       		.uleb128 0x7
 1705 0045 26       		.uleb128 0x26
 1706 0046 00       		.byte	0
ARM GAS  C:\Users\SZABMT~1\AppData\Local\Temp\ccliT7EH.s 			page 31


 1707 0047 49       		.uleb128 0x49
 1708 0048 13       		.uleb128 0x13
 1709 0049 00       		.byte	0
 1710 004a 00       		.byte	0
 1711 004b 08       		.uleb128 0x8
 1712 004c 34       		.uleb128 0x34
 1713 004d 00       		.byte	0
 1714 004e 03       		.uleb128 0x3
 1715 004f 0E       		.uleb128 0xe
 1716 0050 3A       		.uleb128 0x3a
 1717 0051 0B       		.uleb128 0xb
 1718 0052 3B       		.uleb128 0x3b
 1719 0053 0B       		.uleb128 0xb
 1720 0054 49       		.uleb128 0x49
 1721 0055 13       		.uleb128 0x13
 1722 0056 3F       		.uleb128 0x3f
 1723 0057 19       		.uleb128 0x19
 1724 0058 02       		.uleb128 0x2
 1725 0059 18       		.uleb128 0x18
 1726 005a 00       		.byte	0
 1727 005b 00       		.byte	0
 1728 005c 09       		.uleb128 0x9
 1729 005d 21       		.uleb128 0x21
 1730 005e 00       		.byte	0
 1731 005f 49       		.uleb128 0x49
 1732 0060 13       		.uleb128 0x13
 1733 0061 2F       		.uleb128 0x2f
 1734 0062 0B       		.uleb128 0xb
 1735 0063 00       		.byte	0
 1736 0064 00       		.byte	0
 1737 0065 0A       		.uleb128 0xa
 1738 0066 34       		.uleb128 0x34
 1739 0067 00       		.byte	0
 1740 0068 03       		.uleb128 0x3
 1741 0069 0E       		.uleb128 0xe
 1742 006a 3A       		.uleb128 0x3a
 1743 006b 0B       		.uleb128 0xb
 1744 006c 3B       		.uleb128 0x3b
 1745 006d 05       		.uleb128 0x5
 1746 006e 49       		.uleb128 0x49
 1747 006f 13       		.uleb128 0x13
 1748 0070 3F       		.uleb128 0x3f
 1749 0071 19       		.uleb128 0x19
 1750 0072 02       		.uleb128 0x2
 1751 0073 18       		.uleb128 0x18
 1752 0074 00       		.byte	0
 1753 0075 00       		.byte	0
 1754 0076 00       		.byte	0
 1755              		.section	.debug_aranges,"",%progbits
 1756 0000 14000000 		.4byte	0x14
 1757 0004 0200     		.2byte	0x2
 1758 0006 00000000 		.4byte	.Ldebug_info0
 1759 000a 04       		.byte	0x4
 1760 000b 00       		.byte	0
 1761 000c 0000     		.2byte	0
 1762 000e 0000     		.2byte	0
 1763 0010 00000000 		.4byte	0
ARM GAS  C:\Users\SZABMT~1\AppData\Local\Temp\ccliT7EH.s 			page 32


 1764 0014 00000000 		.4byte	0
 1765              		.section	.debug_line,"",%progbits
 1766              	.Ldebug_line0:
 1767 0000 3D010000 		.section	.debug_str,"MS",%progbits,1
 1767      02003701 
 1767      00000201 
 1767      FB0E0D00 
 1767      01010101 
 1768              	.LASF9:
 1769 0000 5F5F7569 		.ascii	"__uint8_t\000"
 1769      6E74385F 
 1769      7400
 1770              	.LASF16:
 1771 000a 63795F6D 		.ascii	"cy_metadata\000"
 1771      65746164 
 1771      61746100 
 1772              	.LASF1:
 1773 0016 756E7369 		.ascii	"unsigned char\000"
 1773      676E6564 
 1773      20636861 
 1773      7200
 1774              	.LASF17:
 1775 0024 474E5520 		.ascii	"GNU C11 5.4.1 20160609 (release) [ARM/embedded-5-br"
 1775      43313120 
 1775      352E342E 
 1775      31203230 
 1775      31363036 
 1776 0057 616E6368 		.ascii	"anch revision 237715] -mcpu=cortex-m3 -mthumb -g -O"
 1776      20726576 
 1776      6973696F 
 1776      6E203233 
 1776      37373135 
 1777 008a 67202D66 		.ascii	"g -ffunction-sections -ffat-lto-objects\000"
 1777      66756E63 
 1777      74696F6E 
 1777      2D736563 
 1777      74696F6E 
 1778              	.LASF5:
 1779 00b2 6C6F6E67 		.ascii	"long unsigned int\000"
 1779      20756E73 
 1779      69676E65 
 1779      6420696E 
 1779      7400
 1780              	.LASF3:
 1781 00c4 73686F72 		.ascii	"short unsigned int\000"
 1781      7420756E 
 1781      7369676E 
 1781      65642069 
 1781      6E7400
 1782              	.LASF13:
 1783 00d7 63795F6D 		.ascii	"cy_meta_custnvl\000"
 1783      6574615F 
 1783      63757374 
 1783      6E766C00 
 1784              	.LASF12:
 1785 00e7 63795F6D 		.ascii	"cy_meta_configecc\000"
 1785      6574615F 
ARM GAS  C:\Users\SZABMT~1\AppData\Local\Temp\ccliT7EH.s 			page 33


 1785      636F6E66 
 1785      69676563 
 1785      6300
 1786              	.LASF8:
 1787 00f9 756E7369 		.ascii	"unsigned int\000"
 1787      676E6564 
 1787      20696E74 
 1787      00
 1788              	.LASF7:
 1789 0106 6C6F6E67 		.ascii	"long long unsigned int\000"
 1789      206C6F6E 
 1789      6720756E 
 1789      7369676E 
 1789      65642069 
 1790              	.LASF10:
 1791 011d 75696E74 		.ascii	"uint8_t\000"
 1791      385F7400 
 1792              	.LASF15:
 1793 0125 63795F6D 		.ascii	"cy_meta_flashprotect\000"
 1793      6574615F 
 1793      666C6173 
 1793      6870726F 
 1793      74656374 
 1794              	.LASF14:
 1795 013a 63795F6D 		.ascii	"cy_meta_wonvl\000"
 1795      6574615F 
 1795      776F6E76 
 1795      6C00
 1796              	.LASF11:
 1797 0148 73697A65 		.ascii	"sizetype\000"
 1797      74797065 
 1797      00
 1798              	.LASF6:
 1799 0151 6C6F6E67 		.ascii	"long long int\000"
 1799      206C6F6E 
 1799      6720696E 
 1799      7400
 1800              	.LASF19:
 1801 015f 433A5C62 		.ascii	"C:\\beagyazott rendszerek\\potrobika\\potrobika.cyd"
 1801      65616779 
 1801      617A6F74 
 1801      74207265 
 1801      6E64737A 
 1802 018f 736E00   		.ascii	"sn\000"
 1803              	.LASF2:
 1804 0192 73686F72 		.ascii	"short int\000"
 1804      7420696E 
 1804      7400
 1805              	.LASF4:
 1806 019c 6C6F6E67 		.ascii	"long int\000"
 1806      20696E74 
 1806      00
 1807              	.LASF0:
 1808 01a5 7369676E 		.ascii	"signed char\000"
 1808      65642063 
 1808      68617200 
 1809              	.LASF18:
ARM GAS  C:\Users\SZABMT~1\AppData\Local\Temp\ccliT7EH.s 			page 34


 1810 01b1 47656E65 		.ascii	"Generated_Source\\PSoC5\\cymetadata.c\000"
 1810      72617465 
 1810      645F536F 
 1810      75726365 
 1810      5C50536F 
 1811              		.ident	"GCC: (GNU Tools for ARM Embedded Processors) 5.4.1 20160609 (release) [ARM/embedded-5-bran
